[2025-03-12 13:34:18] Starting the ABV Script
[2025-03-12 13:34:18] Activating Conda environment...
[2025-03-12 13:34:18] Conda environment activated: env38
[2025-03-12 13:34:18] Working Directory: /home/preag/Desktop/ABV_Agri_System
[2025-03-12 13:34:18] Running the main service script!
[2025-03-12 13:34:18] Connected Cameras:
vi-output, imx477 8-001a (platform:54080000.vi:4):
	/dev/video0

[2025-03-12 13:34:19] Connected Mounts:
MOUNTPOINT              SIZE TYPE
                         16M loop
                      466.3G disk
/media/preag/SanDisk1 466.3G part
                          4M disk
                        233G disk
/                       233G part
                        128K part
                        448K part
                        576K part
                         64K part
                        192K part
                        384K part
                         64K part
                        448K part
                        448K part
                        768K part
                         64K part
                        192K part
                        128K part
[SWAP]                494.5M disk
[SWAP]                494.5M disk
[SWAP]                494.5M disk
[SWAP]                494.5M disk
GST_ARGUS: Creating output stream
CONSUMER: Waiting until producer is connected...
GST_ARGUS: Available Sensor modes :
GST_ARGUS: 4032 x 3040 FR = 29.999999 fps Duration = 33333334 ; Analog Gain range min 1.000000, max 22.250000; Exposure Range min 13000, max 683709000;

GST_ARGUS: 3840 x 2160 FR = 29.999999 fps Duration = 33333334 ; Analog Gain range min 1.000000, max 22.250000; Exposure Range min 13000, max 683709000;

GST_ARGUS: 1920 x 1080 FR = 59.999999 fps Duration = 16666667 ; Analog Gain range min 1.000000, max 22.250000; Exposure Range min 13000, max 683709000;

GST_ARGUS: Running with following settings:
   Camera index = 0 
   Camera mode  = 2 
   Output Stream W = 1920 H = 1080 
   seconds to Run    = 0 
   Frame Rate = 59.999999 
GST_ARGUS: Setup Complete, Starting captures for 0 seconds
GST_ARGUS: Starting repeat capture requests.
CONSUMER: Producer has connected; continuing.
[ WARN:0@4.940] global cap_gstreamer.cpp:1777 open OpenCV | GStreamer warning: Cannot query video position: status=0, value=-1, duration=-1
SETUP: Beginning setup!
SETUP: Camera module setup!
RUN FOLDER: Created run folder at /media/preag/SanDisk1/run/1
SETUP: Run folder is /media/preag/SanDisk1/run/1
SETUP: Setup finished!
Welcome to the main loop!
DC: starting data collection thread.
DC: starting data collection
DATA COLLECTION FOLDER: Created at /media/preag/SanDisk1/run/1/dc_1
DC: Storing camera data to /media/preag/SanDisk1/run/1/dc_1
DC: saved to /media/preag/SanDisk1/run/1/dc_1/f2025_03_12_13-34-36-500.jpg
DC: saved to /media/preag/SanDisk1/run/1/dc_1/f2025_03_12_13-34-38-668.jpg
DC: saved to /media/preag/SanDisk1/run/1/dc_1/f2025_03_12_13-34-38-747.jpg
DC: saved to /media/preag/SanDisk1/run/1/dc_1/f2025_03_12_13-34-38-825.jpg
DC: saved to /media/preag/SanDisk1/run/1/dc_1/f2025_03_12_13-34-38-903.jpg
DC: saved to /media/preag/SanDisk1/run/1/dc_1/f2025_03_12_13-34-38-982.jpg
DC: saved to /media/preag/SanDisk1/run/1/dc_1/f2025_03_12_13-34-39-060.jpg
DC: saved to /media/preag/SanDisk1/run/1/dc_1/f2025_03_12_13-34-39-139.jpg
DC: saved to /media/preag/SanDisk1/run/1/dc_1/f2025_03_12_13-34-39-218.jpg
DC: saved to /media/preag/SanDisk1/run/1/dc_1/f2025_03_12_13-34-39-301.jpg
DC: saved to /media/preag/SanDisk1/run/1/dc_1/f2025_03_12_13-34-39-379.jpg
DC: saved to /media/preag/SanDisk1/run/1/dc_1/f2025_03_12_13-34-39-459.jpg
DC: saved to /media/preag/SanDisk1/run/1/dc_1/f2025_03_12_13-34-39-541.jpg
DC: saved to /media/preag/SanDisk1/run/1/dc_1/f2025_03_12_13-34-39-622.jpg
DC: saved to /media/preag/SanDisk1/run/1/dc_1/f2025_03_12_13-34-39-702.jpg
DC: saved to /media/preag/SanDisk1/run/1/dc_1/f2025_03_12_13-34-39-781.jpg
DC: saved to /media/preag/SanDisk1/run/1/dc_1/f2025_03_12_13-34-39-860.jpg
DC: saved to /media/preag/SanDisk1/run/1/dc_1/f2025_03_12_13-34-39-939.jpg
DC: saved to /media/preag/SanDisk1/run/1/dc_1/f2025_03_12_13-34-40-018.jpg
DC: saved to /media/preag/SanDisk1/run/1/dc_1/f2025_03_12_13-34-40-097.jpg
DC: saved to /media/preag/SanDisk1/run/1/dc_1/f2025_03_12_13-34-40-174.jpg
DC: saved to /media/preag/SanDisk1/run/1/dc_1/f2025_03_12_13-34-40-253.jpg
DC: saved to /media/preag/SanDisk1/run/1/dc_1/f2025_03_12_13-34-40-331.jpg
DC: saved to /media/preag/SanDisk1/run/1/dc_1/f2025_03_12_13-34-40-410.jpg
DC: saved to /media/preag/SanDisk1/run/1/dc_1/f2025_03_12_13-34-40-489.jpg
DC: saved to /media/preag/SanDisk1/run/1/dc_1/f2025_03_12_13-34-40-566.jpg
DC: saved to /media/preag/SanDisk1/run/1/dc_1/f2025_03_12_13-34-40-644.jpg
DC: saved to /media/preag/SanDisk1/run/1/dc_1/f2025_03_12_13-34-40-725.jpg
DC: saved to /media/preag/SanDisk1/run/1/dc_1/f2025_03_12_13-34-40-805.jpg
DC: saved to /media/preag/SanDisk1/run/1/dc_1/f2025_03_12_13-34-40-881.jpg
DC: saved to /media/preag/SanDisk1/run/1/dc_1/f2025_03_12_13-34-40-960.jpg
DC: Stopping data collection thread.
DC: saved to /media/preag/SanDisk1/run/1/dc_1/f2025_03_12_13-34-41-037.jpg
DC: Data collection thread stopped.
DC: starting data collection thread.
DC: starting data collection
DATA COLLECTION FOLDER: Created at /media/preag/SanDisk1/run/1/dc_2
DC: Storing camera data to /media/preag/SanDisk1/run/1/dc_2
DC: Stopping data collection thread.
DC: saved to /media/preag/SanDisk1/run/1/dc_2/f2025_03_12_13-34-42-927.jpg
DC: Data collection thread stopped.
DC: starting data collection thread.
DC: starting data collection
DATA COLLECTION FOLDER: Created at /media/preag/SanDisk1/run/1/dc_3
DC: Storing camera data to /media/preag/SanDisk1/run/1/dc_3
DC: saved to /media/preag/SanDisk1/run/1/dc_3/f2025_03_12_13-34-51-628.jpg
DC: saved to /media/preag/SanDisk1/run/1/dc_3/f2025_03_12_13-34-51-719.jpg
DC: saved to /media/preag/SanDisk1/run/1/dc_3/f2025_03_12_13-34-51-797.jpg
DC: saved to /media/preag/SanDisk1/run/1/dc_3/f2025_03_12_13-34-51-894.jpg
DC: saved to /media/preag/SanDisk1/run/1/dc_3/f2025_03_12_13-34-51-990.jpg
DC: saved to /media/preag/SanDisk1/run/1/dc_3/f2025_03_12_13-34-52-090.jpg
DC: saved to /media/preag/SanDisk1/run/1/dc_3/f2025_03_12_13-34-52-188.jpg
DC: saved to /media/preag/SanDisk1/run/1/dc_3/f2025_03_12_13-34-52-267.jpg
DC: saved to /media/preag/SanDisk1/run/1/dc_3/f2025_03_12_13-34-52-347.jpg
DC: saved to /media/preag/SanDisk1/run/1/dc_3/f2025_03_12_13-34-52-424.jpg
DC: saved to /media/preag/SanDisk1/run/1/dc_3/f2025_03_12_13-34-52-502.jpg
DC: saved to /media/preag/SanDisk1/run/1/dc_3/f2025_03_12_13-34-52-580.jpg
DC: saved to /media/preag/SanDisk1/run/1/dc_3/f2025_03_12_13-34-52-658.jpg
DC: saved to /media/preag/SanDisk1/run/1/dc_3/f2025_03_12_13-34-52-736.jpg
DC: saved to /media/preag/SanDisk1/run/1/dc_3/f2025_03_12_13-34-52-813.jpg
DC: saved to /media/preag/SanDisk1/run/1/dc_3/f2025_03_12_13-34-52-893.jpg
DC: saved to /media/preag/SanDisk1/run/1/dc_3/f2025_03_12_13-34-52-973.jpg
DC: saved to /media/preag/SanDisk1/run/1/dc_3/f2025_03_12_13-34-53-052.jpg
DC: saved to /media/preag/SanDisk1/run/1/dc_3/f2025_03_12_13-34-53-130.jpg
DC: saved to /media/preag/SanDisk1/run/1/dc_3/f2025_03_12_13-34-53-208.jpg
DC: saved to /media/preag/SanDisk1/run/1/dc_3/f2025_03_12_13-34-53-288.jpg
DC: saved to /media/preag/SanDisk1/run/1/dc_3/f2025_03_12_13-34-53-366.jpg
DC: saved to /media/preag/SanDisk1/run/1/dc_3/f2025_03_12_13-34-53-445.jpg
DC: saved to /media/preag/SanDisk1/run/1/dc_3/f2025_03_12_13-34-53-523.jpg
DC: saved to /media/preag/SanDisk1/run/1/dc_3/f2025_03_12_13-34-53-603.jpg
DC: saved to /media/preag/SanDisk1/run/1/dc_3/f2025_03_12_13-34-53-684.jpg
DC: saved to /media/preag/SanDisk1/run/1/dc_3/f2025_03_12_13-34-53-768.jpg
DC: saved to /media/preag/SanDisk1/run/1/dc_3/f2025_03_12_13-34-53-847.jpg
DC: saved to /media/preag/SanDisk1/run/1/dc_3/f2025_03_12_13-34-53-926.jpg
DC: saved to /media/preag/SanDisk1/run/1/dc_3/f2025_03_12_13-34-54-005.jpg
DC: saved to /media/preag/SanDisk1/run/1/dc_3/f2025_03_12_13-34-54-084.jpg
DC: saved to /media/preag/SanDisk1/run/1/dc_3/f2025_03_12_13-34-54-162.jpg
DC: saved to /media/preag/SanDisk1/run/1/dc_3/f2025_03_12_13-34-54-239.jpg
DC: saved to /media/preag/SanDisk1/run/1/dc_3/f2025_03_12_13-34-54-319.jpg
DC: saved to /media/preag/SanDisk1/run/1/dc_3/f2025_03_12_13-34-54-398.jpg
DC: saved to /media/preag/SanDisk1/run/1/dc_3/f2025_03_12_13-34-54-476.jpg
DC: Stopping data collection thread.
DC: Data collection thread stopped.
MAIN: Termination signal received. Cleaning up...
SHUTDOWN: Entering Shutdown Process
SHUTDOWN: cam released
shutdown complete!
GST_ARGUS: Cleaning up
CONSUMER: Done Success
GST_ARGUS: Done Success
[2025-03-12 13:34:58] Script completed successfully.
